<?xml version="1.0" encoding="UTF-8"?>
<testsuite xmlns:xsi="http://www.w3.org/2001/XMLSchema-instance" xsi:noNamespaceSchemaLocation="https://maven.apache.org/surefire/maven-surefire-plugin/xsd/surefire-test-report-3.0.xsd" version="3.0" name="com.alexdev.springbootapirestapp.SpringBootApiRestAppApplicationTests" time="2.887" tests="1" errors="0" skipped="0" failures="0">
  <properties>
[...]
</properties>
  <testcase name="contextLoads" classname="com.alexdev.springbootapirestapp.SpringBootApiRestAppApplicationTests" time="0.508">
    <system-out><![CDATA[18:46:59.455 [main] INFO org.springframework.test.context.support.AnnotationConfigContextLoaderUtils -- Could not detect default configuration classes for test class [com.alexdev.springbootapirestapp.SpringBootApiRestAppApplicationTests]: SpringBootApiRestAppApplicationTests does not declare any static, non-private, non-final, nested classes annotated with @Configuration.
18:46:59.509 [main] INFO org.springframework.boot.test.context.SpringBootTestContextBootstrapper -- Found @SpringBootConfiguration com.alexdev.springbootapirestapp.SpringBootApiRestAppApplication for test class com.alexdev.springbootapirestapp.SpringBootApiRestAppApplicationTests

  .   ____          _            __ _ _
 /\\ / ___'_ __ _ _(_)_ __  __ _ \ \ \ \
( ( )\___ | '_ | '_| | '_ \/ _` | \ \ \ \
 \\/  ___)| |_)| | | | | || (_| |  ) ) ) )
  '  |____| .__|_| |_|_| |_\__, | / / / /
 =========|_|==============|___/=/_/_/_/
 :: Spring Boot ::                (v3.1.8)

2024-03-06T18:46:59.748-03:00  INFO 9161 --- [           main] a.s.SpringBootApiRestAppApplicationTests : Starting SpringBootApiRestAppApplicationTests using Java 17 with PID 9161 (started by alexdev in /home/alexdev/Documents/github/spring-boot-crud-api-rest)
2024-03-06T18:46:59.749-03:00  INFO 9161 --- [           main] a.s.SpringBootApiRestAppApplicationTests : No active profile set, falling back to 1 default profile: "default"
2024-03-06T18:47:00.205-03:00  INFO 9161 --- [           main] .s.d.r.c.RepositoryConfigurationDelegate : Bootstrapping Spring Data JPA repositories in DEFAULT mode.
2024-03-06T18:47:00.218-03:00  INFO 9161 --- [           main] .s.d.r.c.RepositoryConfigurationDelegate : Finished Spring Data repository scanning in 8 ms. Found 0 JPA repository interfaces.
2024-03-06T18:47:00.534-03:00  INFO 9161 --- [           main] com.zaxxer.hikari.HikariDataSource       : HikariPool-1 - Starting...
2024-03-06T18:47:00.664-03:00  INFO 9161 --- [           main] com.zaxxer.hikari.pool.HikariPool        : HikariPool-1 - Added connection conn0: url=jdbc:h2:mem:842d41db-088b-4da5-9bbf-cc3bf296ec21 user=SA
2024-03-06T18:47:00.665-03:00  INFO 9161 --- [           main] com.zaxxer.hikari.HikariDataSource       : HikariPool-1 - Start completed.
2024-03-06T18:47:00.698-03:00  INFO 9161 --- [           main] o.hibernate.jpa.internal.util.LogHelper  : HHH000204: Processing PersistenceUnitInfo [name: default]
2024-03-06T18:47:00.730-03:00  INFO 9161 --- [           main] org.hibernate.Version                    : HHH000412: Hibernate ORM core version 6.2.20.Final
2024-03-06T18:47:00.731-03:00  INFO 9161 --- [           main] org.hibernate.cfg.Environment            : HHH000406: Using bytecode reflection optimizer
2024-03-06T18:47:00.889-03:00  INFO 9161 --- [           main] o.s.o.j.p.SpringPersistenceUnitInfo      : No LoadTimeWeaver setup: ignoring JPA class transformer
2024-03-06T18:47:01.132-03:00  INFO 9161 --- [           main] o.h.e.t.j.p.i.JtaPlatformInitiator       : HHH000489: No JTA platform available (set 'hibernate.transaction.jta.platform' to enable JTA platform integration)
2024-03-06T18:47:01.137-03:00  INFO 9161 --- [           main] j.LocalContainerEntityManagerFactoryBean : Initialized JPA EntityManagerFactory for persistence unit 'default'
2024-03-06T18:47:01.257-03:00  WARN 9161 --- [           main] JpaBaseConfiguration$JpaWebConfiguration : spring.jpa.open-in-view is enabled by default. Therefore, database queries may be performed during view rendering. Explicitly configure spring.jpa.open-in-view to disable this warning
2024-03-06T18:47:01.716-03:00  INFO 9161 --- [           main] a.s.SpringBootApiRestAppApplicationTests : Started SpringBootApiRestAppApplicationTests in 2.122 seconds (process running for 2.69)
]]></system-out>
  </testcase>
</testsuite>